13.2529 	WARNING 	Font Manager failed to load file /System/Library/PrivateFrameworks/FontServices.framework/Resources/Reserved/PingFangUI.ttc
13.3976 	WARNING 	keyboard.Keyboard already using '' backend. Can not switch to 'psychotoolbox'
19.9368 	WARNING 	Monitor specification not found. Creating a temporary one...
21.3287 	WARNING 	Couldn't measure a consistent frame rate!
  - Is your graphics card set to sync to vertical blank?
  - Are you running other processes on your computer?

21.3291 	EXP 	Created window1 = Window(allowGUI=True, allowStencil=False, autoLog=True, backendConf=UNKNOWN, backgroundFit=<method-wrapper '__getattribute__' of attributeSetter object at 0x1719f2c50>, backgroundImage=<method-wrapper '__getattribute__' of attributeSetter object at 0x1719f2cb0>, bitsMode=UNKNOWN, blendMode='avg', bpc=(8, 8, 8), color=array([-1, -1, -1]), colorSpace='rgb', depthBits=8, fullscr=False, gamma=None, gammaErrorPolicy='raise', infoMsg=UNKNOWN, lms=UNKNOWN, monitor=<psychopy.monitors.calibTools.Monitor object at 0x17255d930>, multiSample=False, name='window1', numSamples=2, pos=(356, 191), screen=0, size=array([1600, 1200]), stencilBits=0, stereo=False, title='PsychoPy', units='norm', useFBO=False, useRetina=True, viewOri=0.0, viewPos=None, viewScale=None, waitBlanking=True, winType='pyglet')
21.3292 	EXP 	window1: backgroundImage = None
21.3292 	EXP 	window1: backgroundFit = 'cover'
21.4623 	EXP 	Created unnamed TextStim = TextStim(__class__=<class 'psychopy.visual.text.TextStim'>, alignHoriz=method-wrapper(...), alignText='center', alignVert=method-wrapper(...), anchorHoriz='center', anchorVert='center', antialias=True, autoDraw=False, autoLog=True, bold=False, color=array([1., 1., 1.]), colorSpace='rgb', contrast=1.0, depth=0, draggable=False, flipHoriz=False, flipVert=False, font='', fontFiles=[], height=0.06, italic=False, languageStyle='LTR', name='unnamed TextStim', opacity=1.0, ori=0.0, pos=array([0., 0.]), rgb=UNKNOWN, text='Hello World', units='norm', win=Window(...), wrapWidth=1)
21.4798 	EXP 	Created unnamed TextStim = TextStim(__class__=<class 'psychopy.visual.text.TextStim'>, alignHoriz=method-wrapper(...), alignText='center', alignVert=method-wrapper(...), anchorHoriz='center', anchorVert='center', antialias=True, autoDraw=False, autoLog=True, bold=False, color=array([1., 1., 1.]), colorSpace='rgb', contrast=1.0, depth=0, draggable=False, flipHoriz=False, flipVert=False, font='', fontFiles=[], height=0.05, italic=False, languageStyle='LTR', name='unnamed TextStim', opacity=1.0, ori=0.0, pos=array([0., 0.]), rgb=UNKNOWN, text=str(...), units='norm', win=Window(...), wrapWidth=1.6)
21.4987 	WARNING 	t of last frame was 170.11ms (=1/5)
24.5113 	WARNING 	t of last frame was 3012.66ms (=1/0)
24.5113 	EXP 	unnamed TextStim: height = 0.06
24.5113 	EXP 	unnamed TextStim: height = 0.06
24.5113 	EXP 	unnamed TextStim: height = 0.06
24.5113 	EXP 	unnamed TextStim: text = 'Volume: 0.50\nPhrase: UvA0016.wav\n\nUse UP/DOWN to change volume\nLEFT/RIGHT to change phrase\nPress SPACE to confirm'
24.6130 	WARNING 	t of last frame was 101.62ms (=1/9)
24.6130 	EXP 	unnamed TextStim: text = 'Volume: 0.50\nPhrase: UvA0016.wav\n\nUse UP/DOWN to change volume\nLEFT/RIGHT to change phrase\nPress SPACE to confirm'
24.7142 	WARNING 	t of last frame was 101.22ms (=1/9)
24.7142 	EXP 	unnamed TextStim: text = 'Volume: 0.50\nPhrase: UvA0016.wav\n\nUse UP/DOWN to change volume\nLEFT/RIGHT to change phrase\nPress SPACE to confirm'
24.8153 	WARNING 	Multiple dropped frames have occurred - I'll stop bothering you about them!
24.8153 	EXP 	unnamed TextStim: text = 'Volume: 0.50\nPhrase: UvA0016.wav\n\nUse UP/DOWN to change volume\nLEFT/RIGHT to change phrase\nPress SPACE to confirm'
24.9164 	EXP 	unnamed TextStim: text = 'Volume: 0.50\nPhrase: UvA0016.wav\n\nUse UP/DOWN to change volume\nLEFT/RIGHT to change phrase\nPress SPACE to confirm'
25.0174 	EXP 	unnamed TextStim: text = 'Volume: 0.50\nPhrase: UvA0016.wav\n\nUse UP/DOWN to change volume\nLEFT/RIGHT to change phrase\nPress SPACE to confirm'
25.1189 	EXP 	unnamed TextStim: text = 'Volume: 0.50\nPhrase: UvA0016.wav\n\nUse UP/DOWN to change volume\nLEFT/RIGHT to change phrase\nPress SPACE to confirm'
25.2204 	EXP 	unnamed TextStim: text = 'Volume: 0.50\nPhrase: UvA0016.wav\n\nUse UP/DOWN to change volume\nLEFT/RIGHT to change phrase\nPress SPACE to confirm'
25.3218 	EXP 	unnamed TextStim: text = 'Volume: 0.50\nPhrase: UvA0016.wav\n\nUse UP/DOWN to change volume\nLEFT/RIGHT to change phrase\nPress SPACE to confirm'
25.4229 	EXP 	unnamed TextStim: text = 'Volume: 0.50\nPhrase: UvA0016.wav\n\nUse UP/DOWN to change volume\nLEFT/RIGHT to change phrase\nPress SPACE to confirm'
25.5240 	EXP 	unnamed TextStim: text = 'Volume: 0.50\nPhrase: UvA0016.wav\n\nUse UP/DOWN to change volume\nLEFT/RIGHT to change phrase\nPress SPACE to confirm'
25.6251 	EXP 	unnamed TextStim: text = 'Volume: 0.50\nPhrase: UvA0016.wav\n\nUse UP/DOWN to change volume\nLEFT/RIGHT to change phrase\nPress SPACE to confirm'
25.7262 	EXP 	unnamed TextStim: text = 'Volume: 0.50\nPhrase: UvA0016.wav\n\nUse UP/DOWN to change volume\nLEFT/RIGHT to change phrase\nPress SPACE to confirm'
25.8272 	EXP 	unnamed TextStim: text = 'Volume: 0.50\nPhrase: UvA0016.wav\n\nUse UP/DOWN to change volume\nLEFT/RIGHT to change phrase\nPress SPACE to confirm'
25.9283 	EXP 	unnamed TextStim: text = 'Volume: 0.50\nPhrase: UvA0016.wav\n\nUse UP/DOWN to change volume\nLEFT/RIGHT to change phrase\nPress SPACE to confirm'
26.0293 	EXP 	unnamed TextStim: text = 'Volume: 0.50\nPhrase: UvA0016.wav\n\nUse UP/DOWN to change volume\nLEFT/RIGHT to change phrase\nPress SPACE to confirm'
26.1304 	EXP 	unnamed TextStim: text = 'Volume: 0.50\nPhrase: UvA0016.wav\n\nUse UP/DOWN to change volume\nLEFT/RIGHT to change phrase\nPress SPACE to confirm'
26.2318 	EXP 	unnamed TextStim: text = 'Volume: 0.50\nPhrase: UvA0016.wav\n\nUse UP/DOWN to change volume\nLEFT/RIGHT to change phrase\nPress SPACE to confirm'
26.3333 	EXP 	unnamed TextStim: text = 'Volume: 0.50\nPhrase: UvA0016.wav\n\nUse UP/DOWN to change volume\nLEFT/RIGHT to change phrase\nPress SPACE to confirm'
26.4348 	EXP 	unnamed TextStim: text = 'Volume: 0.50\nPhrase: UvA0016.wav\n\nUse UP/DOWN to change volume\nLEFT/RIGHT to change phrase\nPress SPACE to confirm'
26.5359 	EXP 	unnamed TextStim: text = 'Volume: 0.50\nPhrase: UvA0016.wav\n\nUse UP/DOWN to change volume\nLEFT/RIGHT to change phrase\nPress SPACE to confirm'
26.6370 	EXP 	unnamed TextStim: text = 'Volume: 0.50\nPhrase: UvA0016.wav\n\nUse UP/DOWN to change volume\nLEFT/RIGHT to change phrase\nPress SPACE to confirm'
26.7400 	EXP 	unnamed TextStim: text = 'Volume: 0.50\nPhrase: UvA0016.wav\n\nUse UP/DOWN to change volume\nLEFT/RIGHT to change phrase\nPress SPACE to confirm'
26.8410 	EXP 	unnamed TextStim: text = 'Volume: 0.50\nPhrase: UvA0016.wav\n\nUse UP/DOWN to change volume\nLEFT/RIGHT to change phrase\nPress SPACE to confirm'
26.9421 	EXP 	unnamed TextStim: text = 'Volume: 0.50\nPhrase: UvA0016.wav\n\nUse UP/DOWN to change volume\nLEFT/RIGHT to change phrase\nPress SPACE to confirm'
27.0435 	EXP 	unnamed TextStim: text = 'Volume: 0.50\nPhrase: UvA0016.wav\n\nUse UP/DOWN to change volume\nLEFT/RIGHT to change phrase\nPress SPACE to confirm'
27.1448 	EXP 	unnamed TextStim: text = 'Volume: 0.50\nPhrase: UvA0016.wav\n\nUse UP/DOWN to change volume\nLEFT/RIGHT to change phrase\nPress SPACE to confirm'
27.2459 	EXP 	unnamed TextStim: text = 'Volume: 0.50\nPhrase: UvA0016.wav\n\nUse UP/DOWN to change volume\nLEFT/RIGHT to change phrase\nPress SPACE to confirm'
27.3473 	EXP 	unnamed TextStim: text = 'Volume: 0.50\nPhrase: UvA0016.wav\n\nUse UP/DOWN to change volume\nLEFT/RIGHT to change phrase\nPress SPACE to confirm'
27.4489 	EXP 	unnamed TextStim: text = 'Volume: 0.50\nPhrase: UvA0016.wav\n\nUse UP/DOWN to change volume\nLEFT/RIGHT to change phrase\nPress SPACE to confirm'
27.5504 	EXP 	unnamed TextStim: text = 'Volume: 0.50\nPhrase: UvA0016.wav\n\nUse UP/DOWN to change volume\nLEFT/RIGHT to change phrase\nPress SPACE to confirm'
27.6515 	EXP 	unnamed TextStim: text = 'Volume: 0.50\nPhrase: UvA0016.wav\n\nUse UP/DOWN to change volume\nLEFT/RIGHT to change phrase\nPress SPACE to confirm'
27.7529 	EXP 	unnamed TextStim: text = 'Volume: 0.50\nPhrase: UvA0016.wav\n\nUse UP/DOWN to change volume\nLEFT/RIGHT to change phrase\nPress SPACE to confirm'
27.8543 	EXP 	unnamed TextStim: text = 'Volume: 0.50\nPhrase: UvA0016.wav\n\nUse UP/DOWN to change volume\nLEFT/RIGHT to change phrase\nPress SPACE to confirm'
27.9554 	EXP 	unnamed TextStim: text = 'Volume: 0.50\nPhrase: UvA0016.wav\n\nUse UP/DOWN to change volume\nLEFT/RIGHT to change phrase\nPress SPACE to confirm'
28.0564 	EXP 	unnamed TextStim: text = 'Volume: 0.50\nPhrase: UvA0016.wav\n\nUse UP/DOWN to change volume\nLEFT/RIGHT to change phrase\nPress SPACE to confirm'
28.1575 	EXP 	unnamed TextStim: text = 'Volume: 0.50\nPhrase: UvA0016.wav\n\nUse UP/DOWN to change volume\nLEFT/RIGHT to change phrase\nPress SPACE to confirm'
28.2586 	EXP 	unnamed TextStim: text = 'Volume: 0.50\nPhrase: UvA0016.wav\n\nUse UP/DOWN to change volume\nLEFT/RIGHT to change phrase\nPress SPACE to confirm'
28.3596 	EXP 	unnamed TextStim: text = 'Volume: 0.50\nPhrase: UvA0016.wav\n\nUse UP/DOWN to change volume\nLEFT/RIGHT to change phrase\nPress SPACE to confirm'
28.4611 	EXP 	unnamed TextStim: text = 'Volume: 0.50\nPhrase: UvA0016.wav\n\nUse UP/DOWN to change volume\nLEFT/RIGHT to change phrase\nPress SPACE to confirm'
28.5627 	EXP 	unnamed TextStim: text = 'Volume: 0.50\nPhrase: UvA0016.wav\n\nUse UP/DOWN to change volume\nLEFT/RIGHT to change phrase\nPress SPACE to confirm'
28.6641 	EXP 	unnamed TextStim: text = 'Volume: 0.50\nPhrase: UvA0016.wav\n\nUse UP/DOWN to change volume\nLEFT/RIGHT to change phrase\nPress SPACE to confirm'
28.7653 	EXP 	unnamed TextStim: text = 'Volume: 0.50\nPhrase: UvA0016.wav\n\nUse UP/DOWN to change volume\nLEFT/RIGHT to change phrase\nPress SPACE to confirm'
28.8664 	EXP 	unnamed TextStim: text = 'Volume: 0.50\nPhrase: UvA0016.wav\n\nUse UP/DOWN to change volume\nLEFT/RIGHT to change phrase\nPress SPACE to confirm'
28.9674 	EXP 	unnamed TextStim: text = 'Volume: 0.50\nPhrase: UvA0016.wav\n\nUse UP/DOWN to change volume\nLEFT/RIGHT to change phrase\nPress SPACE to confirm'
29.0686 	EXP 	unnamed TextStim: text = 'Volume: 0.50\nPhrase: UvA0016.wav\n\nUse UP/DOWN to change volume\nLEFT/RIGHT to change phrase\nPress SPACE to confirm'
29.1697 	EXP 	unnamed TextStim: text = 'Volume: 0.50\nPhrase: UvA0016.wav\n\nUse UP/DOWN to change volume\nLEFT/RIGHT to change phrase\nPress SPACE to confirm'
29.2733 	EXP 	unnamed TextStim: text = 'Volume: 0.50\nPhrase: UvA0016.wav\n\nUse UP/DOWN to change volume\nLEFT/RIGHT to change phrase\nPress SPACE to confirm'
29.3743 	EXP 	unnamed TextStim: text = 'Volume: 0.50\nPhrase: UvA0016.wav\n\nUse UP/DOWN to change volume\nLEFT/RIGHT to change phrase\nPress SPACE to confirm'
29.4757 	EXP 	unnamed TextStim: text = 'Volume: 0.50\nPhrase: UvA0016.wav\n\nUse UP/DOWN to change volume\nLEFT/RIGHT to change phrase\nPress SPACE to confirm'
29.5772 	EXP 	unnamed TextStim: text = 'Volume: 0.50\nPhrase: UvA0016.wav\n\nUse UP/DOWN to change volume\nLEFT/RIGHT to change phrase\nPress SPACE to confirm'
29.6787 	EXP 	unnamed TextStim: text = 'Volume: 0.50\nPhrase: UvA0016.wav\n\nUse UP/DOWN to change volume\nLEFT/RIGHT to change phrase\nPress SPACE to confirm'
29.7799 	EXP 	unnamed TextStim: text = 'Volume: 0.50\nPhrase: UvA0016.wav\n\nUse UP/DOWN to change volume\nLEFT/RIGHT to change phrase\nPress SPACE to confirm'
29.8812 	EXP 	unnamed TextStim: text = 'Volume: 0.50\nPhrase: UvA0016.wav\n\nUse UP/DOWN to change volume\nLEFT/RIGHT to change phrase\nPress SPACE to confirm'
29.9823 	EXP 	unnamed TextStim: text = 'Volume: 0.50\nPhrase: UvA0016.wav\n\nUse UP/DOWN to change volume\nLEFT/RIGHT to change phrase\nPress SPACE to confirm'
30.0834 	EXP 	unnamed TextStim: text = 'Volume: 0.50\nPhrase: UvA0016.wav\n\nUse UP/DOWN to change volume\nLEFT/RIGHT to change phrase\nPress SPACE to confirm'
30.1845 	EXP 	unnamed TextStim: text = 'Volume: 0.50\nPhrase: UvA0016.wav\n\nUse UP/DOWN to change volume\nLEFT/RIGHT to change phrase\nPress SPACE to confirm'
30.2855 	EXP 	unnamed TextStim: text = 'Volume: 0.50\nPhrase: UvA0016.wav\n\nUse UP/DOWN to change volume\nLEFT/RIGHT to change phrase\nPress SPACE to confirm'
30.3866 	EXP 	unnamed TextStim: text = 'Volume: 0.50\nPhrase: UvA0016.wav\n\nUse UP/DOWN to change volume\nLEFT/RIGHT to change phrase\nPress SPACE to confirm'
30.4877 	EXP 	unnamed TextStim: text = 'Volume: 0.50\nPhrase: UvA0016.wav\n\nUse UP/DOWN to change volume\nLEFT/RIGHT to change phrase\nPress SPACE to confirm'
30.5892 	EXP 	unnamed TextStim: text = 'Volume: 0.50\nPhrase: UvA0016.wav\n\nUse UP/DOWN to change volume\nLEFT/RIGHT to change phrase\nPress SPACE to confirm'
30.6907 	EXP 	unnamed TextStim: text = 'Volume: 0.50\nPhrase: UvA0016.wav\n\nUse UP/DOWN to change volume\nLEFT/RIGHT to change phrase\nPress SPACE to confirm'
30.7918 	EXP 	unnamed TextStim: text = 'Volume: 0.50\nPhrase: UvA0016.wav\n\nUse UP/DOWN to change volume\nLEFT/RIGHT to change phrase\nPress SPACE to confirm'
30.8929 	EXP 	unnamed TextStim: text = 'Volume: 0.50\nPhrase: UvA0016.wav\n\nUse UP/DOWN to change volume\nLEFT/RIGHT to change phrase\nPress SPACE to confirm'
30.9940 	EXP 	unnamed TextStim: text = 'Volume: 0.50\nPhrase: UvA0016.wav\n\nUse UP/DOWN to change volume\nLEFT/RIGHT to change phrase\nPress SPACE to confirm'
31.0952 	EXP 	unnamed TextStim: text = 'Volume: 0.50\nPhrase: UvA0016.wav\n\nUse UP/DOWN to change volume\nLEFT/RIGHT to change phrase\nPress SPACE to confirm'
31.1963 	EXP 	unnamed TextStim: text = 'Volume: 0.50\nPhrase: UvA0016.wav\n\nUse UP/DOWN to change volume\nLEFT/RIGHT to change phrase\nPress SPACE to confirm'
31.2974 	EXP 	unnamed TextStim: text = 'Volume: 0.50\nPhrase: UvA0016.wav\n\nUse UP/DOWN to change volume\nLEFT/RIGHT to change phrase\nPress SPACE to confirm'
31.3984 	EXP 	unnamed TextStim: text = 'Volume: 0.50\nPhrase: UvA0016.wav\n\nUse UP/DOWN to change volume\nLEFT/RIGHT to change phrase\nPress SPACE to confirm'
31.4994 	EXP 	unnamed TextStim: text = 'Volume: 0.50\nPhrase: UvA0016.wav\n\nUse UP/DOWN to change volume\nLEFT/RIGHT to change phrase\nPress SPACE to confirm'
31.6005 	EXP 	unnamed TextStim: text = 'Volume: 0.50\nPhrase: UvA0016.wav\n\nUse UP/DOWN to change volume\nLEFT/RIGHT to change phrase\nPress SPACE to confirm'
31.7021 	EXP 	unnamed TextStim: text = 'Volume: 0.50\nPhrase: UvA0016.wav\n\nUse UP/DOWN to change volume\nLEFT/RIGHT to change phrase\nPress SPACE to confirm'
31.8036 	EXP 	unnamed TextStim: text = 'Volume: 0.50\nPhrase: UvA0016.wav\n\nUse UP/DOWN to change volume\nLEFT/RIGHT to change phrase\nPress SPACE to confirm'
31.9047 	EXP 	unnamed TextStim: text = 'Volume: 0.50\nPhrase: UvA0016.wav\n\nUse UP/DOWN to change volume\nLEFT/RIGHT to change phrase\nPress SPACE to confirm'
32.0058 	EXP 	unnamed TextStim: text = 'Volume: 0.50\nPhrase: UvA0016.wav\n\nUse UP/DOWN to change volume\nLEFT/RIGHT to change phrase\nPress SPACE to confirm'
32.1069 	EXP 	unnamed TextStim: text = 'Volume: 0.50\nPhrase: UvA0016.wav\n\nUse UP/DOWN to change volume\nLEFT/RIGHT to change phrase\nPress SPACE to confirm'
32.2080 	EXP 	unnamed TextStim: text = 'Volume: 0.50\nPhrase: UvA0016.wav\n\nUse UP/DOWN to change volume\nLEFT/RIGHT to change phrase\nPress SPACE to confirm'
32.3090 	EXP 	unnamed TextStim: text = 'Volume: 0.50\nPhrase: UvA0016.wav\n\nUse UP/DOWN to change volume\nLEFT/RIGHT to change phrase\nPress SPACE to confirm'
32.4100 	EXP 	unnamed TextStim: text = 'Volume: 0.50\nPhrase: UvA0016.wav\n\nUse UP/DOWN to change volume\nLEFT/RIGHT to change phrase\nPress SPACE to confirm'
32.5110 	EXP 	unnamed TextStim: text = 'Volume: 0.50\nPhrase: UvA0016.wav\n\nUse UP/DOWN to change volume\nLEFT/RIGHT to change phrase\nPress SPACE to confirm'
32.6122 	EXP 	unnamed TextStim: text = 'Volume: 0.50\nPhrase: UvA0016.wav\n\nUse UP/DOWN to change volume\nLEFT/RIGHT to change phrase\nPress SPACE to confirm'
32.7132 	EXP 	unnamed TextStim: text = 'Volume: 0.50\nPhrase: UvA0016.wav\n\nUse UP/DOWN to change volume\nLEFT/RIGHT to change phrase\nPress SPACE to confirm'
32.8148 	EXP 	unnamed TextStim: text = 'Volume: 0.50\nPhrase: UvA0016.wav\n\nUse UP/DOWN to change volume\nLEFT/RIGHT to change phrase\nPress SPACE to confirm'
32.9163 	EXP 	unnamed TextStim: text = 'Volume: 0.50\nPhrase: UvA0016.wav\n\nUse UP/DOWN to change volume\nLEFT/RIGHT to change phrase\nPress SPACE to confirm'
33.0174 	EXP 	unnamed TextStim: text = 'Volume: 0.50\nPhrase: UvA0016.wav\n\nUse UP/DOWN to change volume\nLEFT/RIGHT to change phrase\nPress SPACE to confirm'
33.1185 	EXP 	unnamed TextStim: text = 'Volume: 0.50\nPhrase: UvA0016.wav\n\nUse UP/DOWN to change volume\nLEFT/RIGHT to change phrase\nPress SPACE to confirm'
33.2196 	EXP 	unnamed TextStim: text = 'Volume: 0.50\nPhrase: UvA0016.wav\n\nUse UP/DOWN to change volume\nLEFT/RIGHT to change phrase\nPress SPACE to confirm'
33.3207 	EXP 	unnamed TextStim: text = 'Volume: 0.50\nPhrase: UvA0016.wav\n\nUse UP/DOWN to change volume\nLEFT/RIGHT to change phrase\nPress SPACE to confirm'
33.4217 	EXP 	unnamed TextStim: text = 'Volume: 0.50\nPhrase: UvA0016.wav\n\nUse UP/DOWN to change volume\nLEFT/RIGHT to change phrase\nPress SPACE to confirm'
33.5228 	EXP 	unnamed TextStim: text = 'Volume: 0.50\nPhrase: UvA0016.wav\n\nUse UP/DOWN to change volume\nLEFT/RIGHT to change phrase\nPress SPACE to confirm'
33.6239 	EXP 	unnamed TextStim: text = 'Volume: 0.50\nPhrase: UvA0016.wav\n\nUse UP/DOWN to change volume\nLEFT/RIGHT to change phrase\nPress SPACE to confirm'
33.7249 	EXP 	unnamed TextStim: text = 'Volume: 0.50\nPhrase: UvA0016.wav\n\nUse UP/DOWN to change volume\nLEFT/RIGHT to change phrase\nPress SPACE to confirm'
33.8260 	EXP 	unnamed TextStim: text = 'Volume: 0.50\nPhrase: UvA0016.wav\n\nUse UP/DOWN to change volume\nLEFT/RIGHT to change phrase\nPress SPACE to confirm'
33.9275 	EXP 	unnamed TextStim: text = 'Volume: 0.50\nPhrase: UvA0016.wav\n\nUse UP/DOWN to change volume\nLEFT/RIGHT to change phrase\nPress SPACE to confirm'
34.0290 	EXP 	unnamed TextStim: text = 'Volume: 0.50\nPhrase: UvA0016.wav\n\nUse UP/DOWN to change volume\nLEFT/RIGHT to change phrase\nPress SPACE to confirm'
34.1301 	EXP 	unnamed TextStim: text = 'Volume: 0.50\nPhrase: UvA0016.wav\n\nUse UP/DOWN to change volume\nLEFT/RIGHT to change phrase\nPress SPACE to confirm'
34.2312 	EXP 	unnamed TextStim: text = 'Volume: 0.50\nPhrase: UvA0016.wav\n\nUse UP/DOWN to change volume\nLEFT/RIGHT to change phrase\nPress SPACE to confirm'
34.3323 	EXP 	unnamed TextStim: text = 'Volume: 0.50\nPhrase: UvA0016.wav\n\nUse UP/DOWN to change volume\nLEFT/RIGHT to change phrase\nPress SPACE to confirm'
34.4333 	EXP 	unnamed TextStim: text = 'Volume: 0.50\nPhrase: UvA0016.wav\n\nUse UP/DOWN to change volume\nLEFT/RIGHT to change phrase\nPress SPACE to confirm'
34.5344 	EXP 	unnamed TextStim: text = 'Volume: 0.50\nPhrase: UvA0016.wav\n\nUse UP/DOWN to change volume\nLEFT/RIGHT to change phrase\nPress SPACE to confirm'
34.6354 	EXP 	unnamed TextStim: text = 'Volume: 0.50\nPhrase: UvA0016.wav\n\nUse UP/DOWN to change volume\nLEFT/RIGHT to change phrase\nPress SPACE to confirm'
34.7365 	EXP 	unnamed TextStim: text = 'Volume: 0.50\nPhrase: UvA0016.wav\n\nUse UP/DOWN to change volume\nLEFT/RIGHT to change phrase\nPress SPACE to confirm'
34.8375 	EXP 	unnamed TextStim: text = 'Volume: 0.50\nPhrase: UvA0016.wav\n\nUse UP/DOWN to change volume\nLEFT/RIGHT to change phrase\nPress SPACE to confirm'
34.9389 	EXP 	unnamed TextStim: text = 'Volume: 0.50\nPhrase: UvA0016.wav\n\nUse UP/DOWN to change volume\nLEFT/RIGHT to change phrase\nPress SPACE to confirm'
35.0404 	EXP 	unnamed TextStim: text = 'Volume: 0.50\nPhrase: UvA0016.wav\n\nUse UP/DOWN to change volume\nLEFT/RIGHT to change phrase\nPress SPACE to confirm'
35.1419 	EXP 	unnamed TextStim: text = 'Volume: 0.50\nPhrase: UvA0016.wav\n\nUse UP/DOWN to change volume\nLEFT/RIGHT to change phrase\nPress SPACE to confirm'
35.2431 	EXP 	unnamed TextStim: text = 'Volume: 0.50\nPhrase: UvA0016.wav\n\nUse UP/DOWN to change volume\nLEFT/RIGHT to change phrase\nPress SPACE to confirm'
35.3442 	EXP 	unnamed TextStim: text = 'Volume: 0.50\nPhrase: UvA0016.wav\n\nUse UP/DOWN to change volume\nLEFT/RIGHT to change phrase\nPress SPACE to confirm'
35.4453 	EXP 	unnamed TextStim: text = 'Volume: 0.50\nPhrase: UvA0016.wav\n\nUse UP/DOWN to change volume\nLEFT/RIGHT to change phrase\nPress SPACE to confirm'
35.5464 	EXP 	unnamed TextStim: text = 'Volume: 0.50\nPhrase: UvA0016.wav\n\nUse UP/DOWN to change volume\nLEFT/RIGHT to change phrase\nPress SPACE to confirm'
35.6474 	EXP 	unnamed TextStim: text = 'Volume: 0.50\nPhrase: UvA0016.wav\n\nUse UP/DOWN to change volume\nLEFT/RIGHT to change phrase\nPress SPACE to confirm'
35.7493 	EXP 	unnamed TextStim: text = 'Volume: 0.50\nPhrase: UvA0016.wav\n\nUse UP/DOWN to change volume\nLEFT/RIGHT to change phrase\nPress SPACE to confirm'
35.8503 	EXP 	unnamed TextStim: text = 'Volume: 0.50\nPhrase: UvA0016.wav\n\nUse UP/DOWN to change volume\nLEFT/RIGHT to change phrase\nPress SPACE to confirm'
35.9514 	EXP 	unnamed TextStim: text = 'Volume: 0.50\nPhrase: UvA0016.wav\n\nUse UP/DOWN to change volume\nLEFT/RIGHT to change phrase\nPress SPACE to confirm'
36.0528 	EXP 	unnamed TextStim: text = 'Volume: 0.50\nPhrase: UvA0016.wav\n\nUse UP/DOWN to change volume\nLEFT/RIGHT to change phrase\nPress SPACE to confirm'
36.1693 	DATA 	Keypress: down
36.1712 	EXP 	unnamed TextStim: text = 'Volume: 0.50\nPhrase: UvA0016.wav\n\nUse UP/DOWN to change volume\nLEFT/RIGHT to change phrase\nPress SPACE to confirm'
36.1787 	WARNING 	Stopping key buffers but this could be dangerous ifother keyboards rely on the same.
