12.9758 	WARNING 	Font Manager failed to load file /System/Library/PrivateFrameworks/FontServices.framework/Resources/Reserved/PingFangUI.ttc
13.1239 	WARNING 	keyboard.Keyboard already using '' backend. Can not switch to 'psychotoolbox'
15.2947 	WARNING 	Monitor specification not found. Creating a temporary one...
16.4826 	WARNING 	Couldn't measure a consistent frame rate!
  - Is your graphics card set to sync to vertical blank?
  - Are you running other processes on your computer?

16.4834 	EXP 	Created window1 = Window(allowGUI=True, allowStencil=False, autoLog=True, backendConf=UNKNOWN, backgroundFit=<method-wrapper '__getattribute__' of attributeSetter object at 0x17027eb60>, backgroundImage=<method-wrapper '__getattribute__' of attributeSetter object at 0x17027ebc0>, bitsMode=UNKNOWN, blendMode='avg', bpc=(8, 8, 8), color=array([-1, -1, -1]), colorSpace='rgb', depthBits=8, fullscr=False, gamma=None, gammaErrorPolicy='raise', infoMsg=UNKNOWN, lms=UNKNOWN, monitor=<psychopy.monitors.calibTools.Monitor object at 0x170e09c60>, multiSample=False, name='window1', numSamples=2, pos=(356, 191), screen=0, size=array([1600, 1200]), stencilBits=0, stereo=False, title='PsychoPy', units='norm', useFBO=False, useRetina=True, viewOri=0.0, viewPos=None, viewScale=None, waitBlanking=True, winType='pyglet')
16.4835 	EXP 	window1: backgroundImage = None
16.4835 	EXP 	window1: backgroundFit = 'cover'
16.5188 	EXP 	Created unnamed TextStim = TextStim(__class__=<class 'psychopy.visual.text.TextStim'>, alignHoriz=method-wrapper(...), alignText='center', alignVert=method-wrapper(...), anchorHoriz='center', anchorVert='center', antialias=True, autoDraw=False, autoLog=True, bold=False, color=array([1., 1., 1.]), colorSpace='rgb', contrast=1.0, depth=0, draggable=False, flipHoriz=False, flipVert=False, font='', fontFiles=[], height=0.06, italic=False, languageStyle='LTR', name='unnamed TextStim', opacity=1.0, ori=0.0, pos=array([0., 0.]), rgb=UNKNOWN, text='Hello World', units='norm', win=Window(...), wrapWidth=1)
16.5329 	EXP 	Created unnamed TextStim = TextStim(__class__=<class 'psychopy.visual.text.TextStim'>, alignHoriz=method-wrapper(...), alignText='center', alignVert=method-wrapper(...), anchorHoriz='center', anchorVert='center', antialias=True, autoDraw=False, autoLog=True, bold=False, color=array([1., 1., 1.]), colorSpace='rgb', contrast=1.0, depth=0, draggable=False, flipHoriz=False, flipVert=False, font='', fontFiles=[], height=0.05, italic=False, languageStyle='LTR', name='unnamed TextStim', opacity=1.0, ori=0.0, pos=array([0., 0.]), rgb=UNKNOWN, text=str(...), units='norm', win=Window(...), wrapWidth=1.6)
16.5357 	WARNING 	t of last frame was 53.52ms (=1/18)
19.5478 	WARNING 	t of last frame was 3012.06ms (=1/0)
19.5478 	EXP 	unnamed TextStim: height = 0.06
19.5478 	EXP 	unnamed TextStim: height = 0.06
19.5478 	EXP 	unnamed TextStim: height = 0.06
19.5478 	EXP 	unnamed TextStim: text = 'Volume: 0.50\nPhrase: UvA0016.wav\n\nUse UP/DOWN to change volume\nLEFT/RIGHT to change phrase\nPress SPACE to confirm'
19.6492 	WARNING 	t of last frame was 101.45ms (=1/9)
19.6492 	EXP 	unnamed TextStim: text = 'Volume: 0.50\nPhrase: UvA0016.wav\n\nUse UP/DOWN to change volume\nLEFT/RIGHT to change phrase\nPress SPACE to confirm'
19.7505 	WARNING 	t of last frame was 101.24ms (=1/9)
19.7505 	EXP 	unnamed TextStim: text = 'Volume: 0.50\nPhrase: UvA0016.wav\n\nUse UP/DOWN to change volume\nLEFT/RIGHT to change phrase\nPress SPACE to confirm'
19.8516 	WARNING 	Multiple dropped frames have occurred - I'll stop bothering you about them!
19.8516 	EXP 	unnamed TextStim: text = 'Volume: 0.50\nPhrase: UvA0016.wav\n\nUse UP/DOWN to change volume\nLEFT/RIGHT to change phrase\nPress SPACE to confirm'
19.9531 	EXP 	unnamed TextStim: text = 'Volume: 0.50\nPhrase: UvA0016.wav\n\nUse UP/DOWN to change volume\nLEFT/RIGHT to change phrase\nPress SPACE to confirm'
20.0542 	EXP 	unnamed TextStim: text = 'Volume: 0.50\nPhrase: UvA0016.wav\n\nUse UP/DOWN to change volume\nLEFT/RIGHT to change phrase\nPress SPACE to confirm'
20.1553 	EXP 	unnamed TextStim: text = 'Volume: 0.50\nPhrase: UvA0016.wav\n\nUse UP/DOWN to change volume\nLEFT/RIGHT to change phrase\nPress SPACE to confirm'
20.2564 	EXP 	unnamed TextStim: text = 'Volume: 0.50\nPhrase: UvA0016.wav\n\nUse UP/DOWN to change volume\nLEFT/RIGHT to change phrase\nPress SPACE to confirm'
20.3575 	EXP 	unnamed TextStim: text = 'Volume: 0.50\nPhrase: UvA0016.wav\n\nUse UP/DOWN to change volume\nLEFT/RIGHT to change phrase\nPress SPACE to confirm'
20.4585 	EXP 	unnamed TextStim: text = 'Volume: 0.50\nPhrase: UvA0016.wav\n\nUse UP/DOWN to change volume\nLEFT/RIGHT to change phrase\nPress SPACE to confirm'
20.5601 	EXP 	unnamed TextStim: text = 'Volume: 0.50\nPhrase: UvA0016.wav\n\nUse UP/DOWN to change volume\nLEFT/RIGHT to change phrase\nPress SPACE to confirm'
20.6616 	EXP 	unnamed TextStim: text = 'Volume: 0.50\nPhrase: UvA0016.wav\n\nUse UP/DOWN to change volume\nLEFT/RIGHT to change phrase\nPress SPACE to confirm'
20.7627 	EXP 	unnamed TextStim: text = 'Volume: 0.50\nPhrase: UvA0016.wav\n\nUse UP/DOWN to change volume\nLEFT/RIGHT to change phrase\nPress SPACE to confirm'
20.8638 	EXP 	unnamed TextStim: text = 'Volume: 0.50\nPhrase: UvA0016.wav\n\nUse UP/DOWN to change volume\nLEFT/RIGHT to change phrase\nPress SPACE to confirm'
20.9649 	EXP 	unnamed TextStim: text = 'Volume: 0.50\nPhrase: UvA0016.wav\n\nUse UP/DOWN to change volume\nLEFT/RIGHT to change phrase\nPress SPACE to confirm'
21.0660 	EXP 	unnamed TextStim: text = 'Volume: 0.50\nPhrase: UvA0016.wav\n\nUse UP/DOWN to change volume\nLEFT/RIGHT to change phrase\nPress SPACE to confirm'
21.1671 	EXP 	unnamed TextStim: text = 'Volume: 0.50\nPhrase: UvA0016.wav\n\nUse UP/DOWN to change volume\nLEFT/RIGHT to change phrase\nPress SPACE to confirm'
21.2682 	EXP 	unnamed TextStim: text = 'Volume: 0.50\nPhrase: UvA0016.wav\n\nUse UP/DOWN to change volume\nLEFT/RIGHT to change phrase\nPress SPACE to confirm'
21.3692 	EXP 	unnamed TextStim: text = 'Volume: 0.50\nPhrase: UvA0016.wav\n\nUse UP/DOWN to change volume\nLEFT/RIGHT to change phrase\nPress SPACE to confirm'
21.4703 	EXP 	unnamed TextStim: text = 'Volume: 0.50\nPhrase: UvA0016.wav\n\nUse UP/DOWN to change volume\nLEFT/RIGHT to change phrase\nPress SPACE to confirm'
21.5714 	EXP 	unnamed TextStim: text = 'Volume: 0.50\nPhrase: UvA0016.wav\n\nUse UP/DOWN to change volume\nLEFT/RIGHT to change phrase\nPress SPACE to confirm'
21.6729 	EXP 	unnamed TextStim: text = 'Volume: 0.50\nPhrase: UvA0016.wav\n\nUse UP/DOWN to change volume\nLEFT/RIGHT to change phrase\nPress SPACE to confirm'
21.7744 	EXP 	unnamed TextStim: text = 'Volume: 0.50\nPhrase: UvA0016.wav\n\nUse UP/DOWN to change volume\nLEFT/RIGHT to change phrase\nPress SPACE to confirm'
21.8755 	EXP 	unnamed TextStim: text = 'Volume: 0.50\nPhrase: UvA0016.wav\n\nUse UP/DOWN to change volume\nLEFT/RIGHT to change phrase\nPress SPACE to confirm'
21.9766 	EXP 	unnamed TextStim: text = 'Volume: 0.50\nPhrase: UvA0016.wav\n\nUse UP/DOWN to change volume\nLEFT/RIGHT to change phrase\nPress SPACE to confirm'
22.0776 	EXP 	unnamed TextStim: text = 'Volume: 0.50\nPhrase: UvA0016.wav\n\nUse UP/DOWN to change volume\nLEFT/RIGHT to change phrase\nPress SPACE to confirm'
22.1787 	EXP 	unnamed TextStim: text = 'Volume: 0.50\nPhrase: UvA0016.wav\n\nUse UP/DOWN to change volume\nLEFT/RIGHT to change phrase\nPress SPACE to confirm'
22.2797 	EXP 	unnamed TextStim: text = 'Volume: 0.50\nPhrase: UvA0016.wav\n\nUse UP/DOWN to change volume\nLEFT/RIGHT to change phrase\nPress SPACE to confirm'
22.3807 	EXP 	unnamed TextStim: text = 'Volume: 0.50\nPhrase: UvA0016.wav\n\nUse UP/DOWN to change volume\nLEFT/RIGHT to change phrase\nPress SPACE to confirm'
22.4818 	EXP 	unnamed TextStim: text = 'Volume: 0.50\nPhrase: UvA0016.wav\n\nUse UP/DOWN to change volume\nLEFT/RIGHT to change phrase\nPress SPACE to confirm'
22.5828 	EXP 	unnamed TextStim: text = 'Volume: 0.50\nPhrase: UvA0016.wav\n\nUse UP/DOWN to change volume\nLEFT/RIGHT to change phrase\nPress SPACE to confirm'
22.6841 	EXP 	unnamed TextStim: text = 'Volume: 0.50\nPhrase: UvA0016.wav\n\nUse UP/DOWN to change volume\nLEFT/RIGHT to change phrase\nPress SPACE to confirm'
22.7856 	EXP 	unnamed TextStim: text = 'Volume: 0.50\nPhrase: UvA0016.wav\n\nUse UP/DOWN to change volume\nLEFT/RIGHT to change phrase\nPress SPACE to confirm'
22.8871 	EXP 	unnamed TextStim: text = 'Volume: 0.50\nPhrase: UvA0016.wav\n\nUse UP/DOWN to change volume\nLEFT/RIGHT to change phrase\nPress SPACE to confirm'
22.9882 	EXP 	unnamed TextStim: text = 'Volume: 0.50\nPhrase: UvA0016.wav\n\nUse UP/DOWN to change volume\nLEFT/RIGHT to change phrase\nPress SPACE to confirm'
23.0893 	EXP 	unnamed TextStim: text = 'Volume: 0.50\nPhrase: UvA0016.wav\n\nUse UP/DOWN to change volume\nLEFT/RIGHT to change phrase\nPress SPACE to confirm'
23.1903 	EXP 	unnamed TextStim: text = 'Volume: 0.50\nPhrase: UvA0016.wav\n\nUse UP/DOWN to change volume\nLEFT/RIGHT to change phrase\nPress SPACE to confirm'
23.2914 	EXP 	unnamed TextStim: text = 'Volume: 0.50\nPhrase: UvA0016.wav\n\nUse UP/DOWN to change volume\nLEFT/RIGHT to change phrase\nPress SPACE to confirm'
23.3925 	EXP 	unnamed TextStim: text = 'Volume: 0.50\nPhrase: UvA0016.wav\n\nUse UP/DOWN to change volume\nLEFT/RIGHT to change phrase\nPress SPACE to confirm'
23.4936 	EXP 	unnamed TextStim: text = 'Volume: 0.50\nPhrase: UvA0016.wav\n\nUse UP/DOWN to change volume\nLEFT/RIGHT to change phrase\nPress SPACE to confirm'
23.5946 	EXP 	unnamed TextStim: text = 'Volume: 0.50\nPhrase: UvA0016.wav\n\nUse UP/DOWN to change volume\nLEFT/RIGHT to change phrase\nPress SPACE to confirm'
23.6957 	EXP 	unnamed TextStim: text = 'Volume: 0.50\nPhrase: UvA0016.wav\n\nUse UP/DOWN to change volume\nLEFT/RIGHT to change phrase\nPress SPACE to confirm'
23.7969 	EXP 	unnamed TextStim: text = 'Volume: 0.50\nPhrase: UvA0016.wav\n\nUse UP/DOWN to change volume\nLEFT/RIGHT to change phrase\nPress SPACE to confirm'
23.8984 	EXP 	unnamed TextStim: text = 'Volume: 0.50\nPhrase: UvA0016.wav\n\nUse UP/DOWN to change volume\nLEFT/RIGHT to change phrase\nPress SPACE to confirm'
23.9995 	EXP 	unnamed TextStim: text = 'Volume: 0.50\nPhrase: UvA0016.wav\n\nUse UP/DOWN to change volume\nLEFT/RIGHT to change phrase\nPress SPACE to confirm'
24.1006 	EXP 	unnamed TextStim: text = 'Volume: 0.50\nPhrase: UvA0016.wav\n\nUse UP/DOWN to change volume\nLEFT/RIGHT to change phrase\nPress SPACE to confirm'
24.2016 	EXP 	unnamed TextStim: text = 'Volume: 0.50\nPhrase: UvA0016.wav\n\nUse UP/DOWN to change volume\nLEFT/RIGHT to change phrase\nPress SPACE to confirm'
24.3027 	EXP 	unnamed TextStim: text = 'Volume: 0.50\nPhrase: UvA0016.wav\n\nUse UP/DOWN to change volume\nLEFT/RIGHT to change phrase\nPress SPACE to confirm'
24.4038 	EXP 	unnamed TextStim: text = 'Volume: 0.50\nPhrase: UvA0016.wav\n\nUse UP/DOWN to change volume\nLEFT/RIGHT to change phrase\nPress SPACE to confirm'
24.5050 	EXP 	unnamed TextStim: text = 'Volume: 0.50\nPhrase: UvA0016.wav\n\nUse UP/DOWN to change volume\nLEFT/RIGHT to change phrase\nPress SPACE to confirm'
24.6061 	EXP 	unnamed TextStim: text = 'Volume: 0.50\nPhrase: UvA0016.wav\n\nUse UP/DOWN to change volume\nLEFT/RIGHT to change phrase\nPress SPACE to confirm'
24.7072 	EXP 	unnamed TextStim: text = 'Volume: 0.50\nPhrase: UvA0016.wav\n\nUse UP/DOWN to change volume\nLEFT/RIGHT to change phrase\nPress SPACE to confirm'
24.8082 	EXP 	unnamed TextStim: text = 'Volume: 0.50\nPhrase: UvA0016.wav\n\nUse UP/DOWN to change volume\nLEFT/RIGHT to change phrase\nPress SPACE to confirm'
24.9093 	EXP 	unnamed TextStim: text = 'Volume: 0.50\nPhrase: UvA0016.wav\n\nUse UP/DOWN to change volume\nLEFT/RIGHT to change phrase\nPress SPACE to confirm'
25.0108 	EXP 	unnamed TextStim: text = 'Volume: 0.50\nPhrase: UvA0016.wav\n\nUse UP/DOWN to change volume\nLEFT/RIGHT to change phrase\nPress SPACE to confirm'
25.1119 	EXP 	unnamed TextStim: text = 'Volume: 0.50\nPhrase: UvA0016.wav\n\nUse UP/DOWN to change volume\nLEFT/RIGHT to change phrase\nPress SPACE to confirm'
25.2129 	EXP 	unnamed TextStim: text = 'Volume: 0.50\nPhrase: UvA0016.wav\n\nUse UP/DOWN to change volume\nLEFT/RIGHT to change phrase\nPress SPACE to confirm'
25.3140 	EXP 	unnamed TextStim: text = 'Volume: 0.50\nPhrase: UvA0016.wav\n\nUse UP/DOWN to change volume\nLEFT/RIGHT to change phrase\nPress SPACE to confirm'
25.4152 	EXP 	unnamed TextStim: text = 'Volume: 0.50\nPhrase: UvA0016.wav\n\nUse UP/DOWN to change volume\nLEFT/RIGHT to change phrase\nPress SPACE to confirm'
25.5162 	EXP 	unnamed TextStim: text = 'Volume: 0.50\nPhrase: UvA0016.wav\n\nUse UP/DOWN to change volume\nLEFT/RIGHT to change phrase\nPress SPACE to confirm'
25.6173 	EXP 	unnamed TextStim: text = 'Volume: 0.50\nPhrase: UvA0016.wav\n\nUse UP/DOWN to change volume\nLEFT/RIGHT to change phrase\nPress SPACE to confirm'
25.7184 	EXP 	unnamed TextStim: text = 'Volume: 0.50\nPhrase: UvA0016.wav\n\nUse UP/DOWN to change volume\nLEFT/RIGHT to change phrase\nPress SPACE to confirm'
25.8194 	EXP 	unnamed TextStim: text = 'Volume: 0.50\nPhrase: UvA0016.wav\n\nUse UP/DOWN to change volume\nLEFT/RIGHT to change phrase\nPress SPACE to confirm'
25.9205 	EXP 	unnamed TextStim: text = 'Volume: 0.50\nPhrase: UvA0016.wav\n\nUse UP/DOWN to change volume\nLEFT/RIGHT to change phrase\nPress SPACE to confirm'
26.0215 	EXP 	unnamed TextStim: text = 'Volume: 0.50\nPhrase: UvA0016.wav\n\nUse UP/DOWN to change volume\nLEFT/RIGHT to change phrase\nPress SPACE to confirm'
26.1231 	EXP 	unnamed TextStim: text = 'Volume: 0.50\nPhrase: UvA0016.wav\n\nUse UP/DOWN to change volume\nLEFT/RIGHT to change phrase\nPress SPACE to confirm'
26.2246 	EXP 	unnamed TextStim: text = 'Volume: 0.50\nPhrase: UvA0016.wav\n\nUse UP/DOWN to change volume\nLEFT/RIGHT to change phrase\nPress SPACE to confirm'
26.3257 	EXP 	unnamed TextStim: text = 'Volume: 0.50\nPhrase: UvA0016.wav\n\nUse UP/DOWN to change volume\nLEFT/RIGHT to change phrase\nPress SPACE to confirm'
26.4269 	EXP 	unnamed TextStim: text = 'Volume: 0.50\nPhrase: UvA0016.wav\n\nUse UP/DOWN to change volume\nLEFT/RIGHT to change phrase\nPress SPACE to confirm'
26.5279 	EXP 	unnamed TextStim: text = 'Volume: 0.50\nPhrase: UvA0016.wav\n\nUse UP/DOWN to change volume\nLEFT/RIGHT to change phrase\nPress SPACE to confirm'
26.6289 	EXP 	unnamed TextStim: text = 'Volume: 0.50\nPhrase: UvA0016.wav\n\nUse UP/DOWN to change volume\nLEFT/RIGHT to change phrase\nPress SPACE to confirm'
26.7304 	EXP 	unnamed TextStim: text = 'Volume: 0.50\nPhrase: UvA0016.wav\n\nUse UP/DOWN to change volume\nLEFT/RIGHT to change phrase\nPress SPACE to confirm'
26.8318 	EXP 	unnamed TextStim: text = 'Volume: 0.50\nPhrase: UvA0016.wav\n\nUse UP/DOWN to change volume\nLEFT/RIGHT to change phrase\nPress SPACE to confirm'
26.9328 	EXP 	unnamed TextStim: text = 'Volume: 0.50\nPhrase: UvA0016.wav\n\nUse UP/DOWN to change volume\nLEFT/RIGHT to change phrase\nPress SPACE to confirm'
27.0339 	EXP 	unnamed TextStim: text = 'Volume: 0.50\nPhrase: UvA0016.wav\n\nUse UP/DOWN to change volume\nLEFT/RIGHT to change phrase\nPress SPACE to confirm'
27.1355 	EXP 	unnamed TextStim: text = 'Volume: 0.50\nPhrase: UvA0016.wav\n\nUse UP/DOWN to change volume\nLEFT/RIGHT to change phrase\nPress SPACE to confirm'
27.2369 	EXP 	unnamed TextStim: text = 'Volume: 0.50\nPhrase: UvA0016.wav\n\nUse UP/DOWN to change volume\nLEFT/RIGHT to change phrase\nPress SPACE to confirm'
27.3382 	EXP 	unnamed TextStim: text = 'Volume: 0.50\nPhrase: UvA0016.wav\n\nUse UP/DOWN to change volume\nLEFT/RIGHT to change phrase\nPress SPACE to confirm'
27.4394 	EXP 	unnamed TextStim: text = 'Volume: 0.50\nPhrase: UvA0016.wav\n\nUse UP/DOWN to change volume\nLEFT/RIGHT to change phrase\nPress SPACE to confirm'
27.5407 	EXP 	unnamed TextStim: text = 'Volume: 0.50\nPhrase: UvA0016.wav\n\nUse UP/DOWN to change volume\nLEFT/RIGHT to change phrase\nPress SPACE to confirm'
27.6418 	EXP 	unnamed TextStim: text = 'Volume: 0.50\nPhrase: UvA0016.wav\n\nUse UP/DOWN to change volume\nLEFT/RIGHT to change phrase\nPress SPACE to confirm'
27.7429 	EXP 	unnamed TextStim: text = 'Volume: 0.50\nPhrase: UvA0016.wav\n\nUse UP/DOWN to change volume\nLEFT/RIGHT to change phrase\nPress SPACE to confirm'
27.8440 	EXP 	unnamed TextStim: text = 'Volume: 0.50\nPhrase: UvA0016.wav\n\nUse UP/DOWN to change volume\nLEFT/RIGHT to change phrase\nPress SPACE to confirm'
27.9452 	EXP 	unnamed TextStim: text = 'Volume: 0.50\nPhrase: UvA0016.wav\n\nUse UP/DOWN to change volume\nLEFT/RIGHT to change phrase\nPress SPACE to confirm'
28.0462 	EXP 	unnamed TextStim: text = 'Volume: 0.50\nPhrase: UvA0016.wav\n\nUse UP/DOWN to change volume\nLEFT/RIGHT to change phrase\nPress SPACE to confirm'
28.1472 	EXP 	unnamed TextStim: text = 'Volume: 0.50\nPhrase: UvA0016.wav\n\nUse UP/DOWN to change volume\nLEFT/RIGHT to change phrase\nPress SPACE to confirm'
28.2488 	EXP 	unnamed TextStim: text = 'Volume: 0.50\nPhrase: UvA0016.wav\n\nUse UP/DOWN to change volume\nLEFT/RIGHT to change phrase\nPress SPACE to confirm'
28.3503 	EXP 	unnamed TextStim: text = 'Volume: 0.50\nPhrase: UvA0016.wav\n\nUse UP/DOWN to change volume\nLEFT/RIGHT to change phrase\nPress SPACE to confirm'
28.4515 	EXP 	unnamed TextStim: text = 'Volume: 0.50\nPhrase: UvA0016.wav\n\nUse UP/DOWN to change volume\nLEFT/RIGHT to change phrase\nPress SPACE to confirm'
28.5527 	EXP 	unnamed TextStim: text = 'Volume: 0.50\nPhrase: UvA0016.wav\n\nUse UP/DOWN to change volume\nLEFT/RIGHT to change phrase\nPress SPACE to confirm'
28.6537 	EXP 	unnamed TextStim: text = 'Volume: 0.50\nPhrase: UvA0016.wav\n\nUse UP/DOWN to change volume\nLEFT/RIGHT to change phrase\nPress SPACE to confirm'
28.7549 	EXP 	unnamed TextStim: text = 'Volume: 0.50\nPhrase: UvA0016.wav\n\nUse UP/DOWN to change volume\nLEFT/RIGHT to change phrase\nPress SPACE to confirm'
28.8560 	EXP 	unnamed TextStim: text = 'Volume: 0.50\nPhrase: UvA0016.wav\n\nUse UP/DOWN to change volume\nLEFT/RIGHT to change phrase\nPress SPACE to confirm'
28.9570 	EXP 	unnamed TextStim: text = 'Volume: 0.50\nPhrase: UvA0016.wav\n\nUse UP/DOWN to change volume\nLEFT/RIGHT to change phrase\nPress SPACE to confirm'
29.0580 	EXP 	unnamed TextStim: text = 'Volume: 0.50\nPhrase: UvA0016.wav\n\nUse UP/DOWN to change volume\nLEFT/RIGHT to change phrase\nPress SPACE to confirm'
29.1591 	EXP 	unnamed TextStim: text = 'Volume: 0.50\nPhrase: UvA0016.wav\n\nUse UP/DOWN to change volume\nLEFT/RIGHT to change phrase\nPress SPACE to confirm'
29.2601 	EXP 	unnamed TextStim: text = 'Volume: 0.50\nPhrase: UvA0016.wav\n\nUse UP/DOWN to change volume\nLEFT/RIGHT to change phrase\nPress SPACE to confirm'
29.3616 	EXP 	unnamed TextStim: text = 'Volume: 0.50\nPhrase: UvA0016.wav\n\nUse UP/DOWN to change volume\nLEFT/RIGHT to change phrase\nPress SPACE to confirm'
29.4632 	EXP 	unnamed TextStim: text = 'Volume: 0.50\nPhrase: UvA0016.wav\n\nUse UP/DOWN to change volume\nLEFT/RIGHT to change phrase\nPress SPACE to confirm'
29.5643 	EXP 	unnamed TextStim: text = 'Volume: 0.50\nPhrase: UvA0016.wav\n\nUse UP/DOWN to change volume\nLEFT/RIGHT to change phrase\nPress SPACE to confirm'
29.6654 	EXP 	unnamed TextStim: text = 'Volume: 0.50\nPhrase: UvA0016.wav\n\nUse UP/DOWN to change volume\nLEFT/RIGHT to change phrase\nPress SPACE to confirm'
29.7664 	EXP 	unnamed TextStim: text = 'Volume: 0.50\nPhrase: UvA0016.wav\n\nUse UP/DOWN to change volume\nLEFT/RIGHT to change phrase\nPress SPACE to confirm'
29.8423 	DATA 	Keypress: right
29.8679 	EXP 	unnamed TextStim: text = 'Volume: 0.50\nPhrase: UvA0016.wav\n\nUse UP/DOWN to change volume\nLEFT/RIGHT to change phrase\nPress SPACE to confirm'
29.8757 	WARNING 	Stopping key buffers but this could be dangerous ifother keyboards rely on the same.
